{"/home/abhishek/Desktop/mimik/MImik_POC_user_profile/src/App.js": {"path":"/home/abhishek/Desktop/mimik/MImik_POC_user_profile/src/App.js","statementMap":{"0":{"start":{"line":6,"column":2},"end":{"line":10,"column":4}}},"fnMap":{"0":{"name":"App","decl":{"start":{"line":5,"column":9},"end":{"line":5,"column":12}},"loc":{"start":{"line":5,"column":15},"end":{"line":11,"column":1}},"line":5}},"branchMap":{},"s":{"0":1},"f":{"0":1},"b":{},"_coverageSchema":"1a1c01bbd47fc00a2c39e90264f33305004495a9","hash":"037bc43997210de4b3d4a2fe103afe35a108b1c6"}
,"/home/abhishek/Desktop/mimik/MImik_POC_user_profile/src/components/Form.js": {"path":"/home/abhishek/Desktop/mimik/MImik_POC_user_profile/src/components/Form.js","statementMap":{"0":{"start":{"line":4,"column":13},"end":{"line":33,"column":1}},"1":{"start":{"line":5,"column":2},"end":{"line":32,"column":4}},"2":{"start":{"line":16,"column":10},"end":{"line":29,"column":12}}},"fnMap":{"0":{"name":"(anonymous_0)","decl":{"start":{"line":4,"column":13},"end":{"line":4,"column":14}},"loc":{"start":{"line":4,"column":65},"end":{"line":33,"column":1}},"line":4},"1":{"name":"(anonymous_1)","decl":{"start":{"line":15,"column":19},"end":{"line":15,"column":20}},"loc":{"start":{"line":15,"column":36},"end":{"line":30,"column":9}},"line":15}},"branchMap":{"0":{"loc":{"start":{"line":14,"column":7},"end":{"line":30,"column":10}},"type":"binary-expr","locations":[{"start":{"line":14,"column":7},"end":{"line":14,"column":13}},{"start":{"line":15,"column":8},"end":{"line":30,"column":10}}],"line":14}},"s":{"0":2,"1":1,"2":1},"f":{"0":1,"1":1},"b":{"0":[1,1]},"_coverageSchema":"1a1c01bbd47fc00a2c39e90264f33305004495a9","hash":"9e33e8ec56403b92704e427ad92f9809f0a11744"}
,"/home/abhishek/Desktop/mimik/MImik_POC_user_profile/src/components/Table.js": {"path":"/home/abhishek/Desktop/mimik/MImik_POC_user_profile/src/components/Table.js","statementMap":{"0":{"start":{"line":10,"column":20},"end":{"line":13,"column":2}},"1":{"start":{"line":15,"column":21},"end":{"line":44,"column":1}},"2":{"start":{"line":16,"column":2},"end":{"line":43,"column":4}},"3":{"start":{"line":28,"column":14},"end":{"line":38,"column":25}}},"fnMap":{"0":{"name":"(anonymous_0)","decl":{"start":{"line":15,"column":21},"end":{"line":15,"column":22}},"loc":{"start":{"line":15,"column":35},"end":{"line":44,"column":1}},"line":15},"1":{"name":"(anonymous_1)","decl":{"start":{"line":27,"column":34},"end":{"line":27,"column":35}},"loc":{"start":{"line":28,"column":14},"end":{"line":38,"column":25}},"line":28}},"branchMap":{"0":{"loc":{"start":{"line":26,"column":11},"end":{"line":39,"column":14}},"type":"binary-expr","locations":[{"start":{"line":26,"column":11},"end":{"line":26,"column":15}},{"start":{"line":27,"column":12},"end":{"line":39,"column":14}}],"line":26}},"s":{"0":2,"1":2,"2":1,"3":1},"f":{"0":1,"1":1},"b":{"0":[1,1]},"_coverageSchema":"1a1c01bbd47fc00a2c39e90264f33305004495a9","hash":"1e14a16454f3b3f7e019f00257990373a5ab5d1d"}
}
